
ROM used:   736/33788 (2%)
            736/33788 (2%) including unused fragments

            0.2 Average locations per line
            1.1 Average locations per statement

RAM used:   136/8192 (2%) at main() level
            136/8192 (2%) worst case

Stack size: 128

Lines Stmts  %   Files
----- ----- ---  -----
  135    20   3  PIC24_TIMER_01.c
   83     0   0  PIC24_TIMER_01.h
  104     0   0  CONFIG_PIC24.H
  862     0   0  C:\Program Files (x86)\PICC\devices\24FJ48GA002.H
 1351   524  76  C:\Program Files (x86)\PICC\drivers\stdlib.h
   32     0   0  C:\Program Files (x86)\PICC\drivers\stddef.h
  423     0   0  C:\Program Files (x86)\PICC\drivers\string.h
   28     0   0  C:\Program Files (x86)\PICC\drivers\ctype.h
   37     0   0  C:\Program Files (x86)\PICC\drivers\stdio.h
  326   134  19  C:\Program Files (x86)\PICC\drivers\stdlibm.h
   76    13   2  C:\Program Files (x86)\PICC\drivers\memmgmt.c
  163     0   0  C:\Program Files (x86)\PICC\drivers\stdint.h
   37     0   0  CDATPIC24.H
----- -----
 3657   691 Total

Page ROM  %  RAM   Vol Diff  Functions:
---- --- --- ---   --- ----  ----------
0    120   8    0   106  1.9  main
0     22   1    0             @const1170
0     48   3    3   305  3.3  HardwareInit
0     34   2    0    21  0.9  Tmr1ISR
 Inline         0             @cinit1

Program metrics:
    Functions               3
    Statements              691
    Comments                1991
    Volume (V)              550
    Difficulty (D)          6.1
    Effort to implement (E) 3351
    Time to implement (T)   3 minutes
    Est Delivered Bugs (B)  0
    Cyclomatic Complexity   1
    Maintainability (MI)    96

 Segment     Used  Free
-----------  ----  ----
00000-00002     4  0  
00004-001FE   508  0  
00200-083FA   224  33052  



