
ROM used:   768/33788 (2%)
            768/33788 (2%) including unused fragments

            0.2 Average locations per line
            1.1 Average locations per statement

RAM used:   138/8192 (2%) at main() level
            138/8192 (2%) worst case

Stack size: 128

Lines Stmts  %   Files
----- ----- ---  -----
  156    31   4  PIC24_PWM_01.c
   84     0   0  PIC24_PWM_01.h
  104     0   0  CONFIG_PIC24.H
  862     0   0  C:\Program Files (x86)\PICC\devices\24FJ48GA002.H
 1351   524  75  C:\Program Files (x86)\PICC\drivers\stdlib.h
   32     0   0  C:\Program Files (x86)\PICC\drivers\stddef.h
  423     0   0  C:\Program Files (x86)\PICC\drivers\string.h
   28     0   0  C:\Program Files (x86)\PICC\drivers\ctype.h
   37     0   0  C:\Program Files (x86)\PICC\drivers\stdio.h
  326   134  19  C:\Program Files (x86)\PICC\drivers\stdlibm.h
   76    13   2  C:\Program Files (x86)\PICC\drivers\memmgmt.c
  163     0   0  C:\Program Files (x86)\PICC\drivers\stdint.h
   37     0   0  CDATPIC24.h
----- -----
 3679   702 Total

Page ROM  %  RAM   Vol Diff  Functions:
---- --- --- ---   --- ----  ----------
0     98   6    0    84  1.9  main
0     76   5    3   521  3.8  HardwareInit
0     34   2    0    29  1.2  Tmr3ISR
0     48   3    0   108  3.3  Tmr5ISR
 Inline         0             @cinit1

Program metrics:
    Functions               4
    Statements              702
    Comments                1995
    Volume (V)              970
    Difficulty (D)          10.9
    Effort to implement (E) 10611
    Time to implement (T)   10 minutes
    Est Delivered Bugs (B)  0
    Cyclomatic Complexity   2
    Maintainability (MI)    57

 Segment     Used  Free
-----------  ----  ----
00000-00002     4  0  
00004-001FE   508  0  
00200-083FA   256  33020  



