
ROM used:   3898/33788 (12%)
            3898/33788 (12%) including unused fragments

            1.0 Average locations per line
            4.4 Average locations per statement

RAM used:   334/8192 (4%) at main() level
            410/8192 (5%) worst case

Stack size: 128

Lines Stmts  %   Files
----- ----- ---  -----
  470   217  24  QuadEncoder2.c
  103     0   0  QuadEncoder.h
  102     0   0  CONFIG_PIC24.H
  862     0   0  C:\Program Files (x86)\PICC\devices\24FJ48GA002.H
 1351   524  59  C:\Program Files (x86)\PICC\drivers\stdlib.h
   32     0   0  C:\Program Files (x86)\PICC\drivers\stddef.h
  423     0   0  C:\Program Files (x86)\PICC\drivers\string.h
   28     0   0  C:\Program Files (x86)\PICC\drivers\ctype.h
   37     0   0  C:\Program Files (x86)\PICC\drivers\stdio.h
  326   134  15  C:\Program Files (x86)\PICC\drivers\stdlibm.h
   76    13   1  C:\Program Files (x86)\PICC\drivers\memmgmt.c
  163     0   0  C:\Program Files (x86)\PICC\drivers\stdint.h
   32     0   0  BL_support.h
   37     0   0  CDATPIC24.H
----- -----
 4042   888 Total

Page ROM  %  RAM   Vol Diff  Functions:
---- --- --- ---   --- ----  ----------
0    196   3    8             @MULFF
0    426   5    8             @ADDFF
0    264   3    8             @DIVFF64
0     48   1    8             @MUL3232
0    140   2    0    69  1.4  main
0    194   2   14   412  6.2  Position_control
0    100   1    0             @I64TOF64
0     86   1    0             @F64TOI64
0    478   6   22   847  5.8  control_PID
0     78   1    4             @SDTOF
0     64   1    4             @FTOSD
0    168   2    6   984  5.8  motor_drive
0     10   0    0    21  0.9  DisableIntr
0      8   0    0    21  0.9  EnableIntr
0    100   1    0   975  2.9  GlobalVarInit
0    160   2    3  1245  5.4  HardwareInit
0    314   4    5  1894  7.9  Timer4ISR
0    314   4    5  1894  7.9  Timer5ISR
0    242   3    5   598  7.2  Timer3ISR
 Inline         0             @cinit1

Program metrics:
    Functions               11
    Statements              888
    Comments                2039
    Volume (V)              13158
    Difficulty (D)          53.1
    Effort to implement (E) 698690
    Time to implement (T)   10 hours, 47 minutes
    Est Delivered Bugs (B)  3
    Cyclomatic Complexity   38
    Maintainability (MI)    101

 Segment     Used  Free
-----------  ----  ----
00000-00BFE     0  3072  
00C00-00C02     4  0  
00C04-00DFA   504  0  
00DFC-083FA  3390  26818  



