
ROM used:   4592/33788 (14%)
            4592/33788 (14%) including unused fragments

            1.1 Average locations per line
            5.2 Average locations per statement

RAM used:   298/8192 (4%) at main() level
            390/8192 (5%) worst case

Stack size: 128

Lines Stmts  %   Files
----- ----- ---  -----
  488   217  24  QuadEncoder.c
  103     0   0  QuadEncoder.h
  102     0   0  CONFIG_PIC24.H
  862     0   0  C:\Program Files (x86)\PICC\devices\24FJ48GA002.H
 1351   524  59  C:\Program Files (x86)\PICC\drivers\stdlib.h
   32     0   0  C:\Program Files (x86)\PICC\drivers\stddef.h
  423     0   0  C:\Program Files (x86)\PICC\drivers\string.h
   28     0   0  C:\Program Files (x86)\PICC\drivers\ctype.h
   37     0   0  C:\Program Files (x86)\PICC\drivers\stdio.h
  326   134  15  C:\Program Files (x86)\PICC\drivers\stdlibm.h
   76    13   1  C:\Program Files (x86)\PICC\drivers\memmgmt.c
  163     0   0  C:\Program Files (x86)\PICC\drivers\stdint.h
   32     0   0  BL_support.h
   37     0   0  CDATPIC24.H
----- -----
 4060   888 Total

Page ROM  %  RAM   Vol Diff  Functions:
---- --- --- ---   --- ----  ----------
0     68   1    8             @DIV3232B
0    196   2    8             @MULFF
0    426   5    8             @ADDFF
0    264   3    8             @DIVFF64
0     48   1    8             @MUL3232
0    350   4    5   420  6.8  main
0    176   2   14   329  5.4  Position_control
0    100   1    0             @I64TOF64
0     86   1    0             @F64TOI64
0    652   7   30  1184  7.5  control_PID
0     78   1    4             @SDTOF
0     64   1    4             @FTOSD
0    168   2    6   984  5.8  motor_drive
0     10   0    0    21  0.9  DisableIntr
0      8   0    0    21  0.9  EnableIntr
0     72   1    0   502  2.4  GlobalVarInit
0    160   2    3  1160  4.4  HardwareInit
0    314   3    5  1229  7.3  Timer4ISR
0    314   3    5  1229  7.3  Timer5ISR
0    216   2    0   228  3.7  Timer3ISR
0     38   0    0             @const1283
0    276   3    0             @PRINTFD32_115200_5725_5724
 Inline         0             @cinit1

Program metrics:
    Functions               11
    Statements              888
    Comments                2052
    Volume (V)              10993
    Difficulty (D)          52.4
    Effort to implement (E) 576558
    Time to implement (T)   8 hours, 54 minutes
    Est Delivered Bugs (B)  2
    Cyclomatic Complexity   39
    Maintainability (MI)    100

 Segment     Used  Free
-----------  ----  ----
00000-00BFE     0  3072  
00C00-00C02     4  0  
00C04-00DFA   504  0  
00DFC-083FA  4084  26124  



