
ROM used:   724/33788 (2%)
            724/33788 (2%) including unused fragments

            0.2 Average locations per line
            1.0 Average locations per statement

RAM used:   142/8192 (2%) at main() level
            139/8192 (2%) worst case

Stack size: 128

Lines Stmts  %   Files
----- ----- ---  -----
    3     0   0  $linker.c
  157    24   3  BITWISE_LIB.c
  144     0   0  BITWISE_LIB.h
  104     0   0  CONFIG_PIC24.H
  862     0   0  C:\Program Files (x86)\PICC\devices\24FJ48GA002.H
 1351   524  71  C:\Program Files (x86)\PICC\drivers\stdlib.h
   32     0   0  C:\Program Files (x86)\PICC\drivers\stddef.h
  423     0   0  C:\Program Files (x86)\PICC\drivers\string.h
   28     0   0  C:\Program Files (x86)\PICC\drivers\ctype.h
   37     0   0  C:\Program Files (x86)\PICC\drivers\stdio.h
  326   134  18  C:\Program Files (x86)\PICC\drivers\stdlibm.h
   76    13   2  C:\Program Files (x86)\PICC\drivers\memmgmt.c
  163     0   0  C:\Program Files (x86)\PICC\drivers\stdint.h
   32     0   0  BL_support.h
   37     0   0  CDATPIC24.H
   56    42   6  LAB01_GPIO.c
----- -----
 3831   737 Total

Page ROM  %  RAM   Vol Diff  Functions:
---- --- --- ---   --- ----  ----------
0     16   1    2             @delay_ms1
0    168  12    6   864  5.8  main
0     32   2    3   179  2.2  HardwareInit
 Inline         0             @cinit1

Program metrics:
    Functions               2
    Statements              737
    Comments                224
    Volume (V)              1184
    Difficulty (D)          7.9
    Effort to implement (E) 9319
    Time to implement (T)   9 minutes
    Est Delivered Bugs (B)  0
    Cyclomatic Complexity   6
    Maintainability (MI)    10

 Segment     Used  Free
-----------  ----  ----
00000-00BFE     0  3072  
00C00-00C02     4  0  
00C04-00DFA   504  0  
00DFC-083FA   216  29992  



